Performing C SOURCE FILE Test CMAKE_HAVE_LIBC_PTHREAD failed with the following output:
Change Dir: /home/oguzhan/hat_ws/src/hat_vcu/build/CMakeFiles/CMakeTmp

Run Build Command(s):/usr/bin/make cmTC_ee3dd/fast && /usr/bin/make -f CMakeFiles/cmTC_ee3dd.dir/build.make CMakeFiles/cmTC_ee3dd.dir/build
make[1]: Entering directory '/home/oguzhan/hat_ws/src/hat_vcu/build/CMakeFiles/CMakeTmp'
Building C object CMakeFiles/cmTC_ee3dd.dir/src.c.o
/usr/bin/cc   -DCMAKE_HAVE_LIBC_PTHREAD   -o CMakeFiles/cmTC_ee3dd.dir/src.c.o   -c /home/oguzhan/hat_ws/src/hat_vcu/build/CMakeFiles/CMakeTmp/src.c
Linking C executable cmTC_ee3dd
/usr/bin/cmake -E cmake_link_script CMakeFiles/cmTC_ee3dd.dir/link.txt --verbose=1
/usr/bin/cc  -DCMAKE_HAVE_LIBC_PTHREAD    -rdynamic CMakeFiles/cmTC_ee3dd.dir/src.c.o  -o cmTC_ee3dd 
/usr/bin/ld: CMakeFiles/cmTC_ee3dd.dir/src.c.o: in function `main':
src.c:(.text+0x46): undefined reference to `pthread_create'
/usr/bin/ld: src.c:(.text+0x52): undefined reference to `pthread_detach'
/usr/bin/ld: src.c:(.text+0x63): undefined reference to `pthread_join'
collect2: error: ld returned 1 exit status
make[1]: *** [CMakeFiles/cmTC_ee3dd.dir/build.make:87: cmTC_ee3dd] Error 1
make[1]: Leaving directory '/home/oguzhan/hat_ws/src/hat_vcu/build/CMakeFiles/CMakeTmp'
make: *** [Makefile:121: cmTC_ee3dd/fast] Error 2


Source file was:
#include <pthread.h>

void* test_func(void* data)
{
  return data;
}

int main(void)
{
  pthread_t thread;
  pthread_create(&thread, NULL, test_func, NULL);
  pthread_detach(thread);
  pthread_join(thread, NULL);
  pthread_atfork(NULL, NULL, NULL);
  pthread_exit(NULL);

  return 0;
}

Determining if the function pthread_create exists in the pthreads failed with the following output:
Change Dir: /home/oguzhan/hat_ws/src/hat_vcu/build/CMakeFiles/CMakeTmp

Run Build Command(s):/usr/bin/make cmTC_1587f/fast && /usr/bin/make -f CMakeFiles/cmTC_1587f.dir/build.make CMakeFiles/cmTC_1587f.dir/build
make[1]: Entering directory '/home/oguzhan/hat_ws/src/hat_vcu/build/CMakeFiles/CMakeTmp'
Building C object CMakeFiles/cmTC_1587f.dir/CheckFunctionExists.c.o
/usr/bin/cc   -DCHECK_FUNCTION_EXISTS=pthread_create   -o CMakeFiles/cmTC_1587f.dir/CheckFunctionExists.c.o   -c /usr/share/cmake-3.16/Modules/CheckFunctionExists.c
Linking C executable cmTC_1587f
/usr/bin/cmake -E cmake_link_script CMakeFiles/cmTC_1587f.dir/link.txt --verbose=1
/usr/bin/cc  -DCHECK_FUNCTION_EXISTS=pthread_create    -rdynamic CMakeFiles/cmTC_1587f.dir/CheckFunctionExists.c.o  -o cmTC_1587f  -lpthreads 
/usr/bin/ld: cannot find -lpthreads
collect2: error: ld returned 1 exit status
make[1]: *** [CMakeFiles/cmTC_1587f.dir/build.make:87: cmTC_1587f] Error 1
make[1]: Leaving directory '/home/oguzhan/hat_ws/src/hat_vcu/build/CMakeFiles/CMakeTmp'
make: *** [Makefile:121: cmTC_1587f/fast] Error 2



Performing C SOURCE FILE Test CMAKE_HAVE_LIBC_PTHREAD failed with the following output:
Change Dir: /home/hilal/hazırarac_ws/src/beemobs_vcu/build/CMakeFiles/CMakeTmp

Run Build Command(s):/usr/bin/ninja cmTC_a7282 && [1/2] Building C object CMakeFiles/cmTC_a7282.dir/src.c.o
[2/2] Linking C executable cmTC_a7282
FAILED: cmTC_a7282 
: && /usr/bin/cc -DCMAKE_HAVE_LIBC_PTHREAD  -rdynamic CMakeFiles/cmTC_a7282.dir/src.c.o  -o cmTC_a7282   && :
/usr/bin/ld: CMakeFiles/cmTC_a7282.dir/src.c.o: in function `main':
src.c:(.text+0x46): undefined reference to `pthread_create'
/usr/bin/ld: src.c:(.text+0x52): undefined reference to `pthread_detach'
/usr/bin/ld: src.c:(.text+0x63): undefined reference to `pthread_join'
collect2: error: ld returned 1 exit status
ninja: build stopped: subcommand failed.


Source file was:
#include <pthread.h>

void* test_func(void* data)
{
  return data;
}

int main(void)
{
  pthread_t thread;
  pthread_create(&thread, NULL, test_func, NULL);
  pthread_detach(thread);
  pthread_join(thread, NULL);
  pthread_atfork(NULL, NULL, NULL);
  pthread_exit(NULL);

  return 0;
}

Determining if the function pthread_create exists in the pthreads failed with the following output:
Change Dir: /home/hilal/hazırarac_ws/src/beemobs_vcu/build/CMakeFiles/CMakeTmp

Run Build Command(s):/usr/bin/ninja cmTC_6005a && [1/2] Building C object CMakeFiles/cmTC_6005a.dir/CheckFunctionExists.c.o
[2/2] Linking C executable cmTC_6005a
FAILED: cmTC_6005a 
: && /usr/bin/cc -DCHECK_FUNCTION_EXISTS=pthread_create  -rdynamic CMakeFiles/cmTC_6005a.dir/CheckFunctionExists.c.o  -o cmTC_6005a  -lpthreads && :
/usr/bin/ld: cannot find -lpthreads
collect2: error: ld returned 1 exit status
ninja: build stopped: subcommand failed.



